{"name": "test_failure_case", "status": "broken", "statusDetails": {"message": "selenium.common.exceptions.NoSuchElementException: Message: no such element: Unable to locate element: {\"method\":\"css selector\",\"selector\":\"[id=\"inventory_container\"]\"}\n  (Session info: chrome=143.0.7499.170); For documentation on this error, please visit: https://www.selenium.dev/documentation/webdriver/troubleshooting/errors#nosuchelementexception\nStacktrace:\n0   chromedriver                        0x0000000104d7bdfc cxxbridge1$str$ptr + 3031016\n1   chromedriver                        0x0000000104d73cb8 cxxbridge1$str$ptr + 2997924\n2   chromedriver                        0x000000010486eb90 _RNvCsgXDX2mvAJAg_7___rustc35___rust_no_alloc_shim_is_unstable_v2 + 74192\n3   chromedriver                        0x00000001048b5ab4 _RNvCsgXDX2mvAJAg_7___rustc35___rust_no_alloc_shim_is_unstable_v2 + 364788\n4   chromedriver                        0x00000001048f6a28 _RNvCsgXDX2mvAJAg_7___rustc35___rust_no_alloc_shim_is_unstable_v2 + 630888\n5   chromedriver                        0x00000001048aa22c _RNvCsgXDX2mvAJAg_7___rustc35___rust_no_alloc_shim_is_unstable_v2 + 317548\n6   chromedriver                        0x0000000104d40194 cxxbridge1$str$ptr + 2786176\n7   chromedriver                        0x0000000104d43900 cxxbridge1$str$ptr + 2800364\n8   chromedriver                        0x0000000104d2042c cxxbridge1$str$ptr + 2655768\n9   chromedriver                        0x0000000104d44170 cxxbridge1$str$ptr + 2802524\n10  chromedriver                        0x0000000104d10e10 cxxbridge1$str$ptr + 2592764\n11  chromedriver                        0x0000000104d6314c cxxbridge1$str$ptr + 2929464\n12  chromedriver                        0x0000000104d632cc cxxbridge1$str$ptr + 2929848\n13  chromedriver                        0x0000000104d73910 cxxbridge1$str$ptr + 2996988\n14  libsystem_pthread.dylib             0x0000000195a0ef94 _pthread_start + 136\n15  libsystem_pthread.dylib             0x0000000195a09d34 thread_start + 8", "trace": "browser = <selenium.webdriver.chrome.webdriver.WebDriver (session=\"89df7c6f2c3393a08d4584538c34ee8f\")>\n\n    @pytest.mark.regression\n    def test_failure_case(browser):\n        browser.get(\"https://www.saucedemo.com/\")\n    \n        login_page = LoginPage(browser)\n        login_page.login(\"standard_use\", \"hjvjjjh\")\n    \n        inventory_page = InventoryPage(browser)\n>       assert inventory_page.is_inventory_displayed()\n\ntests/test_login_and_logout.py:27: \n_ _ _ _ _ _ _ _ _ _ _ _ _ _ _ _ _ _ _ _ _ _ _ _ _ _ _ _ _ _ _ _ _ _ _ _ _ _ _ _ _ _ _ _ _ _ _ _ _ _ _ _ _ _ _ _ _ _ _ _ _ _ _ _ _ _ _ _ _ _ _ _ _ _ _ _ _ _ _ _ _ \npages/inventory_page.py:10: in is_inventory_displayed\n    return self.driver.find_element(*self.INVENTORY_CONTAINER).is_displayed()\n.venv/lib/python3.9/site-packages/selenium/webdriver/remote/webdriver.py:926: in find_element\n    return self.execute(Command.FIND_ELEMENT, {\"using\": by, \"value\": value})[\"value\"]\n.venv/lib/python3.9/site-packages/selenium/webdriver/remote/webdriver.py:458: in execute\n    self.error_handler.check_response(response)\n_ _ _ _ _ _ _ _ _ _ _ _ _ _ _ _ _ _ _ _ _ _ _ _ _ _ _ _ _ _ _ _ _ _ _ _ _ _ _ _ _ _ _ _ _ _ _ _ _ _ _ _ _ _ _ _ _ _ _ _ _ _ _ _ _ _ _ _ _ _ _ _ _ _ _ _ _ _ _ _ _ \n\nself = <selenium.webdriver.remote.errorhandler.ErrorHandler object at 0x1028845b0>\nresponse = {'status': 404, 'value': '{\"value\":{\"error\":\"no such element\",\"message\":\"no such element: Unable to locate element: {\\...000195a0ef94 _pthread_start + 136\\\\n15  libsystem_pthread.dylib             0x0000000195a09d34 thread_start + 8\\\\n\"}}'}\n\n    def check_response(self, response: dict[str, Any]) -> None:\n        \"\"\"Checks that a JSON response from the WebDriver does not have an\n        error.\n    \n        :Args:\n         - response - The JSON response from the WebDriver server as a dictionary\n           object.\n    \n        :Raises: If the response contains an error message.\n        \"\"\"\n        status = response.get(\"status\", None)\n        if not status or status == ErrorCode.SUCCESS:\n            return\n        value = None\n        message = response.get(\"message\", \"\")\n        screen: str = response.get(\"screen\", \"\")\n        stacktrace = None\n        if isinstance(status, int):\n            value_json = response.get(\"value\", None)\n            if value_json and isinstance(value_json, str):\n                try:\n                    value = json.loads(value_json)\n                    if isinstance(value, dict):\n                        if len(value) == 1:\n                            value = value[\"value\"]\n                        status = value.get(\"error\", None)\n                        if not status:\n                            status = value.get(\"status\", ErrorCode.UNKNOWN_ERROR)\n                            message = value.get(\"value\") or value.get(\"message\")\n                            if not isinstance(message, str):\n                                value = message\n                                message = message.get(\"message\") if isinstance(message, dict) else None\n                        else:\n                            message = value.get(\"message\", None)\n                except ValueError:\n                    pass\n    \n        exception_class: type[WebDriverException]\n        e = ErrorCode()\n        error_codes = [item for item in dir(e) if not item.startswith(\"__\")]\n        for error_code in error_codes:\n            error_info = getattr(ErrorCode, error_code)\n            if isinstance(error_info, list) and status in error_info:\n                exception_class = getattr(ExceptionMapping, error_code, WebDriverException)\n                break\n        else:\n            exception_class = WebDriverException\n    \n        if not value:\n            value = response[\"value\"]\n        if isinstance(value, str):\n            raise exception_class(value)\n        if message == \"\" and \"message\" in value:\n            message = value[\"message\"]\n    \n        screen = None  # type: ignore[assignment]\n        if \"screen\" in value:\n            screen = value[\"screen\"]\n    \n        stacktrace = None\n        st_value = value.get(\"stackTrace\") or value.get(\"stacktrace\")\n        if st_value:\n            if isinstance(st_value, str):\n                stacktrace = st_value.split(\"\\n\")\n            else:\n                stacktrace = []\n                try:\n                    for frame in st_value:\n                        line = frame.get(\"lineNumber\", \"\")\n                        file = frame.get(\"fileName\", \"<anonymous>\")\n                        if line:\n                            file = f\"{file}:{line}\"\n                        meth = frame.get(\"methodName\", \"<anonymous>\")\n                        if \"className\" in frame:\n                            meth = f\"{frame['className']}.{meth}\"\n                        msg = \"    at %s (%s)\"\n                        msg = msg % (meth, file)\n                        stacktrace.append(msg)\n                except TypeError:\n                    pass\n        if exception_class == UnexpectedAlertPresentException:\n            alert_text = None\n            if \"data\" in value:\n                alert_text = value[\"data\"].get(\"text\")\n            elif \"alert\" in value:\n                alert_text = value[\"alert\"].get(\"text\")\n            raise exception_class(message, screen, stacktrace, alert_text)  # type: ignore[call-arg]  # mypy is not smart enough here\n>       raise exception_class(message, screen, stacktrace)\nE       selenium.common.exceptions.NoSuchElementException: Message: no such element: Unable to locate element: {\"method\":\"css selector\",\"selector\":\"[id=\"inventory_container\"]\"}\nE         (Session info: chrome=143.0.7499.170); For documentation on this error, please visit: https://www.selenium.dev/documentation/webdriver/troubleshooting/errors#nosuchelementexception\nE       Stacktrace:\nE       0   chromedriver                        0x0000000104d7bdfc cxxbridge1$str$ptr + 3031016\nE       1   chromedriver                        0x0000000104d73cb8 cxxbridge1$str$ptr + 2997924\nE       2   chromedriver                        0x000000010486eb90 _RNvCsgXDX2mvAJAg_7___rustc35___rust_no_alloc_shim_is_unstable_v2 + 74192\nE       3   chromedriver                        0x00000001048b5ab4 _RNvCsgXDX2mvAJAg_7___rustc35___rust_no_alloc_shim_is_unstable_v2 + 364788\nE       4   chromedriver                        0x00000001048f6a28 _RNvCsgXDX2mvAJAg_7___rustc35___rust_no_alloc_shim_is_unstable_v2 + 630888\nE       5   chromedriver                        0x00000001048aa22c _RNvCsgXDX2mvAJAg_7___rustc35___rust_no_alloc_shim_is_unstable_v2 + 317548\nE       6   chromedriver                        0x0000000104d40194 cxxbridge1$str$ptr + 2786176\nE       7   chromedriver                        0x0000000104d43900 cxxbridge1$str$ptr + 2800364\nE       8   chromedriver                        0x0000000104d2042c cxxbridge1$str$ptr + 2655768\nE       9   chromedriver                        0x0000000104d44170 cxxbridge1$str$ptr + 2802524\nE       10  chromedriver                        0x0000000104d10e10 cxxbridge1$str$ptr + 2592764\nE       11  chromedriver                        0x0000000104d6314c cxxbridge1$str$ptr + 2929464\nE       12  chromedriver                        0x0000000104d632cc cxxbridge1$str$ptr + 2929848\nE       13  chromedriver                        0x0000000104d73910 cxxbridge1$str$ptr + 2996988\nE       14  libsystem_pthread.dylib             0x0000000195a0ef94 _pthread_start + 136\nE       15  libsystem_pthread.dylib             0x0000000195a09d34 thread_start + 8\n\n.venv/lib/python3.9/site-packages/selenium/webdriver/remote/errorhandler.py:232: NoSuchElementException"}, "attachments": [{"name": "Failure Screenshot", "source": "8c11c6a4-e921-46f3-82a6-8bd85ebbb7d0-attachment.png", "type": "image/png"}], "start": 1768010127113, "stop": 1768010127208, "uuid": "7c554efd-5590-4031-8ada-0def3e34baad", "historyId": "01d654932ccef478cfbb16a3e68ffac7", "testCaseId": "01d654932ccef478cfbb16a3e68ffac7", "fullName": "tests.test_login_and_logout#test_failure_case", "labels": [{"name": "tag", "value": "regression"}, {"name": "parentSuite", "value": "tests"}, {"name": "suite", "value": "test_login_and_logout"}, {"name": "host", "value": "Praveens-MacBook-Air.local"}, {"name": "thread", "value": "4821-MainThread"}, {"name": "framework", "value": "pytest"}, {"name": "language", "value": "cpython3"}, {"name": "package", "value": "tests.test_login_and_logout"}], "titlePath": ["tests", "test_login_and_logout.py"]}